

/******************************************************************************************
* WriteStepFile diagnostics.
* Date:                           Tue May 27 17:02:57 2014 
* Produced by:                    The EXPRESS Data Manager Version 5.01.0100.02.64mod : 6 Jun 2012
* Module:                         EDMstepFileFactory/EDMstandAlone
* Host:                           SPARCH22
* Database:                       C:\Users\ryan\AppData\Local\Temp\{B5D68F00-74DB-4F08-BE27-0187F24502F9}\ifc
* Database version:               5507
* Database creation date:         Tue May 27 17:02:40 2014
* Model:                          DataRepository.ifc
* Model creation date:            Tue May 27 17:02:40 2014
* Header model:                   DataRepository.ifc_HeaderModel
* Header model creation date:     Tue May 27 17:02:40 2014
* Step file:                      Schultz_Residence.ifc
* EDMuser:                        sdai-user
* EDMgroup:                       sdai-group
* License ID and type:            5605 : Permanent license. Expiry date: 
* EDMstepFileFactory options:     020000
******************************************************************************************/


------------------------------------------------------------------------------------------------
Operation terminated successfully.
------------------------------------------------------------------------------------------------

